This file contains any messages produced by compilers while
running configure, to aid debugging if configure makes a mistake.

It was created by xdpd - NetFPGA-10G fwd-module configure 0.3, which was
generated by GNU Autoconf 2.68.  Invocation command line was

  $ ../../../../../src/xdpd/fwd-modules/netfpga10g/configure --disable-option-checking --prefix=/usr/local --enable-debug --enable-netfpga10g --cache-file=/dev/null --srcdir=../../../../../src/xdpd/fwd-modules/netfpga10g

## --------- ##
## Platform. ##
## --------- ##

hostname = u12
uname -m = x86_64
uname -r = 3.8.0-29-generic
uname -s = Linux
uname -v = #42~precise1-Ubuntu SMP Wed Aug 14 16:19:23 UTC 2013

/usr/bin/uname -p = unknown
/bin/uname -X     = unknown

/bin/arch              = unknown
/usr/bin/arch -k       = unknown
/usr/convex/getsysinfo = unknown
/usr/bin/hostinfo      = unknown
/bin/machine           = unknown
/usr/bin/oslevel       = unknown
/bin/universe          = unknown

PATH: /usr/local/sbin
PATH: /usr/local/bin
PATH: /usr/sbin
PATH: /usr/bin
PATH: /sbin
PATH: /bin
PATH: /usr/games


## ----------- ##
## Core tests. ##
## ----------- ##

configure:2393: checking for a BSD-compatible install
configure:2461: result: /usr/bin/install -c
configure:2472: checking whether build environment is sane
configure:2522: result: yes
configure:2663: checking for a thread-safe mkdir -p
configure:2702: result: /bin/mkdir -p
configure:2715: checking for gawk
configure:2745: result: no
configure:2715: checking for mawk
configure:2731: found /usr/bin/mawk
configure:2742: result: mawk
configure:2753: checking whether make sets $(MAKE)
configure:2775: result: yes
configure:2868: checking for style of include used by make
configure:2896: result: GNU
configure:2967: checking for gcc
configure:2983: found /usr/bin/gcc
configure:2994: result: gcc
configure:3223: checking for C compiler version
configure:3232: gcc --version >&5
gcc (Ubuntu/Linaro 4.6.3-1ubuntu5) 4.6.3
Copyright (C) 2011 Free Software Foundation, Inc.
This is free software; see the source for copying conditions.  There is NO
warranty; not even for MERCHANTABILITY or FITNESS FOR A PARTICULAR PURPOSE.

configure:3243: $? = 0
configure:3232: gcc -v >&5
Using built-in specs.
COLLECT_GCC=gcc
COLLECT_LTO_WRAPPER=/usr/lib/gcc/x86_64-linux-gnu/4.6/lto-wrapper
Target: x86_64-linux-gnu
Configured with: ../src/configure -v --with-pkgversion='Ubuntu/Linaro 4.6.3-1ubuntu5' --with-bugurl=file:///usr/share/doc/gcc-4.6/README.Bugs --enable-languages=c,c++,fortran,objc,obj-c++ --prefix=/usr --program-suffix=-4.6 --enable-shared --enable-linker-build-id --with-system-zlib --libexecdir=/usr/lib --without-included-gettext --enable-threads=posix --with-gxx-include-dir=/usr/include/c++/4.6 --libdir=/usr/lib --enable-nls --with-sysroot=/ --enable-clocale=gnu --enable-libstdcxx-debug --enable-libstdcxx-time=yes --enable-gnu-unique-object --enable-plugin --enable-objc-gc --disable-werror --with-arch-32=i686 --with-tune=generic --enable-checking=release --build=x86_64-linux-gnu --host=x86_64-linux-gnu --target=x86_64-linux-gnu
Thread model: posix
gcc version 4.6.3 (Ubuntu/Linaro 4.6.3-1ubuntu5) 
configure:3243: $? = 0
configure:3232: gcc -V >&5
gcc: error: unrecognized option '-V'
gcc: fatal error: no input files
compilation terminated.
configure:3243: $? = 4
configure:3232: gcc -qversion >&5
gcc: error: unrecognized option '-qversion'
gcc: fatal error: no input files
compilation terminated.
configure:3243: $? = 4
configure:3263: checking whether the C compiler works
configure:3285: gcc    conftest.c  >&5
configure:3289: $? = 0
configure:3337: result: yes
configure:3340: checking for C compiler default output file name
configure:3342: result: a.out
configure:3348: checking for suffix of executables
configure:3355: gcc -o conftest    conftest.c  >&5
configure:3359: $? = 0
configure:3381: result: 
configure:3403: checking whether we are cross compiling
configure:3411: gcc -o conftest    conftest.c  >&5
configure:3415: $? = 0
configure:3422: ./conftest
configure:3426: $? = 0
configure:3441: result: no
configure:3446: checking for suffix of object files
configure:3468: gcc -c   conftest.c >&5
configure:3472: $? = 0
configure:3493: result: o
configure:3497: checking whether we are using the GNU C compiler
configure:3516: gcc -c   conftest.c >&5
configure:3516: $? = 0
configure:3525: result: yes
configure:3534: checking whether gcc accepts -g
configure:3554: gcc -c -g  conftest.c >&5
configure:3554: $? = 0
configure:3595: result: yes
configure:3612: checking for gcc option to accept ISO C89
configure:3676: gcc  -c -g -O2  conftest.c >&5
configure:3676: $? = 0
configure:3689: result: none needed
configure:3711: checking dependency style of gcc
configure:3822: result: gcc3
configure:3843: checking how to run the C preprocessor
configure:3874: gcc -E  conftest.c
configure:3874: $? = 0
configure:3888: gcc -E  conftest.c
conftest.c:11:28: fatal error: ac_nonexistent.h: No such file or directory
compilation terminated.
configure:3888: $? = 1
configure: failed program was:
| /* confdefs.h */
| #define PACKAGE_NAME "xdpd - NetFPGA-10G fwd-module"
| #define PACKAGE_TARNAME "xdpd_netfpga10g_fm"
| #define PACKAGE_VERSION "0.3"
| #define PACKAGE_STRING "xdpd - NetFPGA-10G fwd-module 0.3"
| #define PACKAGE_BUGREPORT "rofl@bisdn.de"
| #define PACKAGE_URL ""
| #define PACKAGE "xdpd_netfpga10g_fm"
| #define VERSION "0.3"
| /* end confdefs.h.  */
| #include <ac_nonexistent.h>
configure:3913: result: gcc -E
configure:3933: gcc -E  conftest.c
configure:3933: $? = 0
configure:3947: gcc -E  conftest.c
conftest.c:11:28: fatal error: ac_nonexistent.h: No such file or directory
compilation terminated.
configure:3947: $? = 1
configure: failed program was:
| /* confdefs.h */
| #define PACKAGE_NAME "xdpd - NetFPGA-10G fwd-module"
| #define PACKAGE_TARNAME "xdpd_netfpga10g_fm"
| #define PACKAGE_VERSION "0.3"
| #define PACKAGE_STRING "xdpd - NetFPGA-10G fwd-module 0.3"
| #define PACKAGE_BUGREPORT "rofl@bisdn.de"
| #define PACKAGE_URL ""
| #define PACKAGE "xdpd_netfpga10g_fm"
| #define VERSION "0.3"
| /* end confdefs.h.  */
| #include <ac_nonexistent.h>
configure:3976: checking for grep that handles long lines and -e
configure:4034: result: /bin/grep
configure:4039: checking for egrep
configure:4101: result: /bin/grep -E
configure:4106: checking for ANSI C header files
configure:4126: gcc -c -g -O2  conftest.c >&5
configure:4126: $? = 0
configure:4199: gcc -o conftest -g -O2   conftest.c  >&5
configure:4199: $? = 0
configure:4199: ./conftest
configure:4199: $? = 0
configure:4210: result: yes
configure:4223: checking for sys/types.h
configure:4223: gcc -c -g -O2  conftest.c >&5
configure:4223: $? = 0
configure:4223: result: yes
configure:4223: checking for sys/stat.h
configure:4223: gcc -c -g -O2  conftest.c >&5
configure:4223: $? = 0
configure:4223: result: yes
configure:4223: checking for stdlib.h
configure:4223: gcc -c -g -O2  conftest.c >&5
configure:4223: $? = 0
configure:4223: result: yes
configure:4223: checking for string.h
configure:4223: gcc -c -g -O2  conftest.c >&5
configure:4223: $? = 0
configure:4223: result: yes
configure:4223: checking for memory.h
configure:4223: gcc -c -g -O2  conftest.c >&5
configure:4223: $? = 0
configure:4223: result: yes
configure:4223: checking for strings.h
configure:4223: gcc -c -g -O2  conftest.c >&5
configure:4223: $? = 0
configure:4223: result: yes
configure:4223: checking for inttypes.h
configure:4223: gcc -c -g -O2  conftest.c >&5
configure:4223: $? = 0
configure:4223: result: yes
configure:4223: checking for stdint.h
configure:4223: gcc -c -g -O2  conftest.c >&5
configure:4223: $? = 0
configure:4223: result: yes
configure:4223: checking for unistd.h
configure:4223: gcc -c -g -O2  conftest.c >&5
configure:4223: $? = 0
configure:4223: result: yes
configure:4236: checking minix/config.h usability
configure:4236: gcc -c -g -O2  conftest.c >&5
conftest.c:54:26: fatal error: minix/config.h: No such file or directory
compilation terminated.
configure:4236: $? = 1
configure: failed program was:
| /* confdefs.h */
| #define PACKAGE_NAME "xdpd - NetFPGA-10G fwd-module"
| #define PACKAGE_TARNAME "xdpd_netfpga10g_fm"
| #define PACKAGE_VERSION "0.3"
| #define PACKAGE_STRING "xdpd - NetFPGA-10G fwd-module 0.3"
| #define PACKAGE_BUGREPORT "rofl@bisdn.de"
| #define PACKAGE_URL ""
| #define PACKAGE "xdpd_netfpga10g_fm"
| #define VERSION "0.3"
| #define STDC_HEADERS 1
| #define HAVE_SYS_TYPES_H 1
| #define HAVE_SYS_STAT_H 1
| #define HAVE_STDLIB_H 1
| #define HAVE_STRING_H 1
| #define HAVE_MEMORY_H 1
| #define HAVE_STRINGS_H 1
| #define HAVE_INTTYPES_H 1
| #define HAVE_STDINT_H 1
| #define HAVE_UNISTD_H 1
| /* end confdefs.h.  */
| #include <stdio.h>
| #ifdef HAVE_SYS_TYPES_H
| # include <sys/types.h>
| #endif
| #ifdef HAVE_SYS_STAT_H
| # include <sys/stat.h>
| #endif
| #ifdef STDC_HEADERS
| # include <stdlib.h>
| # include <stddef.h>
| #else
| # ifdef HAVE_STDLIB_H
| #  include <stdlib.h>
| # endif
| #endif
| #ifdef HAVE_STRING_H
| # if !defined STDC_HEADERS && defined HAVE_MEMORY_H
| #  include <memory.h>
| # endif
| # include <string.h>
| #endif
| #ifdef HAVE_STRINGS_H
| # include <strings.h>
| #endif
| #ifdef HAVE_INTTYPES_H
| # include <inttypes.h>
| #endif
| #ifdef HAVE_STDINT_H
| # include <stdint.h>
| #endif
| #ifdef HAVE_UNISTD_H
| # include <unistd.h>
| #endif
| #include <minix/config.h>
configure:4236: result: no
configure:4236: checking minix/config.h presence
configure:4236: gcc -E  conftest.c
conftest.c:21:26: fatal error: minix/config.h: No such file or directory
compilation terminated.
configure:4236: $? = 1
configure: failed program was:
| /* confdefs.h */
| #define PACKAGE_NAME "xdpd - NetFPGA-10G fwd-module"
| #define PACKAGE_TARNAME "xdpd_netfpga10g_fm"
| #define PACKAGE_VERSION "0.3"
| #define PACKAGE_STRING "xdpd - NetFPGA-10G fwd-module 0.3"
| #define PACKAGE_BUGREPORT "rofl@bisdn.de"
| #define PACKAGE_URL ""
| #define PACKAGE "xdpd_netfpga10g_fm"
| #define VERSION "0.3"
| #define STDC_HEADERS 1
| #define HAVE_SYS_TYPES_H 1
| #define HAVE_SYS_STAT_H 1
| #define HAVE_STDLIB_H 1
| #define HAVE_STRING_H 1
| #define HAVE_MEMORY_H 1
| #define HAVE_STRINGS_H 1
| #define HAVE_INTTYPES_H 1
| #define HAVE_STDINT_H 1
| #define HAVE_UNISTD_H 1
| /* end confdefs.h.  */
| #include <minix/config.h>
configure:4236: result: no
configure:4236: checking for minix/config.h
configure:4236: result: no
configure:4257: checking whether it is safe to define __EXTENSIONS__
configure:4275: gcc -c -g -O2  conftest.c >&5
configure:4275: $? = 0
configure:4282: result: yes
configure:4347: checking for gcc
configure:4374: result: gcc
configure:4603: checking for C compiler version
configure:4612: gcc --version >&5
gcc (Ubuntu/Linaro 4.6.3-1ubuntu5) 4.6.3
Copyright (C) 2011 Free Software Foundation, Inc.
This is free software; see the source for copying conditions.  There is NO
warranty; not even for MERCHANTABILITY or FITNESS FOR A PARTICULAR PURPOSE.

configure:4623: $? = 0
configure:4612: gcc -v >&5
Using built-in specs.
COLLECT_GCC=gcc
COLLECT_LTO_WRAPPER=/usr/lib/gcc/x86_64-linux-gnu/4.6/lto-wrapper
Target: x86_64-linux-gnu
Configured with: ../src/configure -v --with-pkgversion='Ubuntu/Linaro 4.6.3-1ubuntu5' --with-bugurl=file:///usr/share/doc/gcc-4.6/README.Bugs --enable-languages=c,c++,fortran,objc,obj-c++ --prefix=/usr --program-suffix=-4.6 --enable-shared --enable-linker-build-id --with-system-zlib --libexecdir=/usr/lib --without-included-gettext --enable-threads=posix --with-gxx-include-dir=/usr/include/c++/4.6 --libdir=/usr/lib --enable-nls --with-sysroot=/ --enable-clocale=gnu --enable-libstdcxx-debug --enable-libstdcxx-time=yes --enable-gnu-unique-object --enable-plugin --enable-objc-gc --disable-werror --with-arch-32=i686 --with-tune=generic --enable-checking=release --build=x86_64-linux-gnu --host=x86_64-linux-gnu --target=x86_64-linux-gnu
Thread model: posix
gcc version 4.6.3 (Ubuntu/Linaro 4.6.3-1ubuntu5) 
configure:4623: $? = 0
configure:4612: gcc -V >&5
gcc: error: unrecognized option '-V'
gcc: fatal error: no input files
compilation terminated.
configure:4623: $? = 4
configure:4612: gcc -qversion >&5
gcc: error: unrecognized option '-qversion'
gcc: fatal error: no input files
compilation terminated.
configure:4623: $? = 4
configure:4627: checking whether we are using the GNU C compiler
configure:4655: result: yes
configure:4664: checking whether gcc accepts -g
configure:4725: result: yes
configure:4742: checking for gcc option to accept ISO C89
configure:4819: result: none needed
configure:4841: checking dependency style of gcc
configure:4952: result: gcc3
configure:5025: checking for g++
configure:5041: found /usr/bin/g++
configure:5052: result: g++
configure:5079: checking for C++ compiler version
configure:5088: g++ --version >&5
g++ (Ubuntu/Linaro 4.6.3-1ubuntu5) 4.6.3
Copyright (C) 2011 Free Software Foundation, Inc.
This is free software; see the source for copying conditions.  There is NO
warranty; not even for MERCHANTABILITY or FITNESS FOR A PARTICULAR PURPOSE.

configure:5099: $? = 0
configure:5088: g++ -v >&5
Using built-in specs.
COLLECT_GCC=g++
COLLECT_LTO_WRAPPER=/usr/lib/gcc/x86_64-linux-gnu/4.6/lto-wrapper
Target: x86_64-linux-gnu
Configured with: ../src/configure -v --with-pkgversion='Ubuntu/Linaro 4.6.3-1ubuntu5' --with-bugurl=file:///usr/share/doc/gcc-4.6/README.Bugs --enable-languages=c,c++,fortran,objc,obj-c++ --prefix=/usr --program-suffix=-4.6 --enable-shared --enable-linker-build-id --with-system-zlib --libexecdir=/usr/lib --without-included-gettext --enable-threads=posix --with-gxx-include-dir=/usr/include/c++/4.6 --libdir=/usr/lib --enable-nls --with-sysroot=/ --enable-clocale=gnu --enable-libstdcxx-debug --enable-libstdcxx-time=yes --enable-gnu-unique-object --enable-plugin --enable-objc-gc --disable-werror --with-arch-32=i686 --with-tune=generic --enable-checking=release --build=x86_64-linux-gnu --host=x86_64-linux-gnu --target=x86_64-linux-gnu
Thread model: posix
gcc version 4.6.3 (Ubuntu/Linaro 4.6.3-1ubuntu5) 
configure:5099: $? = 0
configure:5088: g++ -V >&5
g++: error: unrecognized option '-V'
g++: fatal error: no input files
compilation terminated.
configure:5099: $? = 4
configure:5088: g++ -qversion >&5
g++: error: unrecognized option '-qversion'
g++: fatal error: no input files
compilation terminated.
configure:5099: $? = 4
configure:5103: checking whether we are using the GNU C++ compiler
configure:5122: g++ -c   conftest.cpp >&5
configure:5122: $? = 0
configure:5131: result: yes
configure:5140: checking whether g++ accepts -g
configure:5160: g++ -c -g  conftest.cpp >&5
configure:5160: $? = 0
configure:5201: result: yes
configure:5226: checking dependency style of g++
configure:5337: result: gcc3
configure:5356: checking build system type
configure:5370: result: x86_64-unknown-linux-gnu
configure:5390: checking host system type
configure:5403: result: x86_64-unknown-linux-gnu
configure:5423: checking for a sed that does not truncate output
configure:5487: result: /bin/sed
configure:5505: checking for fgrep
configure:5567: result: /bin/grep -F
configure:5594: checking how to print strings
configure:5621: result: printf
configure:5654: checking for ld used by gcc
configure:5721: result: /usr/bin/ld
configure:5728: checking if the linker (/usr/bin/ld) is GNU ld
configure:5743: result: yes
configure:5804: checking for ar
configure:5820: found /usr/bin/ar
configure:5831: result: ar
configure:5857: checking the archiver (ar) interface
configure:5867: gcc -c -g -O2  conftest.c >&5
configure:5867: $? = 0
configure:5869: ar cru libconftest.a conftest.o >&5
configure:5872: $? = 0
configure:5895: result: ar
configure:5926: checking whether make supports nested variables
configure:5943: result: yes
configure:5998: checking for BSD- or MS-compatible name lister (nm)
configure:6047: result: /usr/bin/nm -B
configure:6177: checking the name lister (/usr/bin/nm -B) interface
configure:6184: gcc -c -g -O2  conftest.c >&5
configure:6187: /usr/bin/nm -B "conftest.o"
configure:6190: output
0000000000000000 B some_variable
configure:6197: result: BSD nm
configure:6200: checking whether ln -s works
configure:6204: result: yes
configure:6212: checking the maximum length of command line arguments
configure:6342: result: 1572864
configure:6359: checking whether the shell understands some XSI constructs
configure:6369: result: yes
configure:6373: checking whether the shell understands "+="
configure:6379: result: yes
configure:6414: checking how to convert x86_64-unknown-linux-gnu file names to x86_64-unknown-linux-gnu format
configure:6454: result: func_convert_file_noop
configure:6461: checking how to convert x86_64-unknown-linux-gnu file names to toolchain format
configure:6481: result: func_convert_file_noop
configure:6488: checking for /usr/bin/ld option to reload object files
configure:6495: result: -r
configure:6569: checking for objdump
configure:6585: found /usr/bin/objdump
configure:6596: result: objdump
configure:6628: checking how to recognize dependent libraries
configure:6830: result: pass_all
configure:6915: checking for dlltool
configure:6945: result: no
configure:6975: checking how to associate runtime and link libraries
configure:7002: result: printf %s\n
configure:7126: checking for archiver @FILE support
configure:7143: gcc -c -g -O2  conftest.c >&5
configure:7143: $? = 0
configure:7146: ar cru libconftest.a @conftest.lst >&5
configure:7149: $? = 0
configure:7154: ar cru libconftest.a @conftest.lst >&5
ar: conftest.o: No such file or directory
configure:7157: $? = 1
configure:7169: result: @
configure:7227: checking for strip
configure:7243: found /usr/bin/strip
configure:7254: result: strip
configure:7326: checking for ranlib
configure:7342: found /usr/bin/ranlib
configure:7353: result: ranlib
configure:7455: checking command to parse /usr/bin/nm -B output from gcc object
configure:7575: gcc -c -g -O2  conftest.c >&5
configure:7578: $? = 0
configure:7582: /usr/bin/nm -B conftest.o \| sed -n -e 's/^.*[ ]\([ABCDGIRSTW][ABCDGIRSTW]*\)[ ][ ]*\([_A-Za-z][_A-Za-z0-9]*\)$/\1 \2 \2/p' | sed '/ __gnu_lto/d' \> conftest.nm
configure:7585: $? = 0
configure:7651: gcc -o conftest -g -O2   conftest.c conftstm.o >&5
configure:7654: $? = 0
configure:7692: result: ok
configure:7729: checking for sysroot
configure:7759: result: no
configure:7836: gcc -c -g -O2  conftest.c >&5
configure:7839: $? = 0
configure:8015: checking for mt
configure:8031: found /bin/mt
configure:8042: result: mt
configure:8065: checking if mt is a manifest tool
configure:8071: mt '-?'
configure:8079: result: no
configure:8718: checking for dlfcn.h
configure:8718: gcc -c -g -O2  conftest.c >&5
configure:8718: $? = 0
configure:8718: result: yes
configure:8935: checking for objdir
configure:8950: result: .libs
configure:9217: checking if gcc supports -fno-rtti -fno-exceptions
configure:9235: gcc -c -g -O2  -fno-rtti -fno-exceptions conftest.c >&5
cc1: warning: command line option '-fno-rtti' is valid for C++/ObjC++ but not for C [enabled by default]
configure:9239: $? = 0
configure:9252: result: no
configure:9579: checking for gcc option to produce PIC
configure:9586: result: -fPIC -DPIC
configure:9594: checking if gcc PIC flag -fPIC -DPIC works
configure:9612: gcc -c -g -O2  -fPIC -DPIC -DPIC conftest.c >&5
configure:9616: $? = 0
configure:9629: result: yes
configure:9658: checking if gcc static flag -static works
configure:9686: result: yes
configure:9701: checking if gcc supports -c -o file.o
configure:9722: gcc -c -g -O2  -o out/conftest2.o conftest.c >&5
configure:9726: $? = 0
configure:9748: result: yes
configure:9756: checking if gcc supports -c -o file.o
configure:9803: result: yes
configure:9836: checking whether the gcc linker (/usr/bin/ld -m elf_x86_64) supports shared libraries
configure:10993: result: yes
configure:11030: checking whether -lc should be explicitly linked in
configure:11038: gcc -c -g -O2  conftest.c >&5
configure:11041: $? = 0
configure:11056: gcc -shared  -fPIC -DPIC conftest.o  -v -Wl,-soname -Wl,conftest -o conftest 2\>\&1 \| /bin/grep  -lc  \>/dev/null 2\>\&1
configure:11059: $? = 0
configure:11073: result: no
configure:11233: checking dynamic linker characteristics
configure:11744: gcc -o conftest -g -O2   -Wl,-rpath -Wl,/foo conftest.c  >&5
configure:11744: $? = 0
configure:11978: result: GNU/Linux ld.so
configure:12085: checking how to hardcode library paths into programs
configure:12110: result: immediate
configure:12650: checking whether stripping libraries is possible
configure:12655: result: yes
configure:12690: checking if libtool supports shared libraries
configure:12692: result: yes
configure:12695: checking whether to build shared libraries
configure:12716: result: yes
configure:12719: checking whether to build static libraries
configure:12723: result: yes
configure:12746: checking how to run the C++ preprocessor
configure:12773: g++ -E  conftest.cpp
configure:12773: $? = 0
configure:12787: g++ -E  conftest.cpp
conftest.cpp:28:28: fatal error: ac_nonexistent.h: No such file or directory
compilation terminated.
configure:12787: $? = 1
configure: failed program was:
| /* confdefs.h */
| #define PACKAGE_NAME "xdpd - NetFPGA-10G fwd-module"
| #define PACKAGE_TARNAME "xdpd_netfpga10g_fm"
| #define PACKAGE_VERSION "0.3"
| #define PACKAGE_STRING "xdpd - NetFPGA-10G fwd-module 0.3"
| #define PACKAGE_BUGREPORT "rofl@bisdn.de"
| #define PACKAGE_URL ""
| #define PACKAGE "xdpd_netfpga10g_fm"
| #define VERSION "0.3"
| #define STDC_HEADERS 1
| #define HAVE_SYS_TYPES_H 1
| #define HAVE_SYS_STAT_H 1
| #define HAVE_STDLIB_H 1
| #define HAVE_STRING_H 1
| #define HAVE_MEMORY_H 1
| #define HAVE_STRINGS_H 1
| #define HAVE_INTTYPES_H 1
| #define HAVE_STDINT_H 1
| #define HAVE_UNISTD_H 1
| #define __EXTENSIONS__ 1
| #define _ALL_SOURCE 1
| #define _GNU_SOURCE 1
| #define _POSIX_PTHREAD_SEMANTICS 1
| #define _TANDEM_SOURCE 1
| #define HAVE_DLFCN_H 1
| #define LT_OBJDIR ".libs/"
| /* end confdefs.h.  */
| #include <ac_nonexistent.h>
configure:12812: result: g++ -E
configure:12832: g++ -E  conftest.cpp
configure:12832: $? = 0
configure:12846: g++ -E  conftest.cpp
conftest.cpp:28:28: fatal error: ac_nonexistent.h: No such file or directory
compilation terminated.
configure:12846: $? = 1
configure: failed program was:
| /* confdefs.h */
| #define PACKAGE_NAME "xdpd - NetFPGA-10G fwd-module"
| #define PACKAGE_TARNAME "xdpd_netfpga10g_fm"
| #define PACKAGE_VERSION "0.3"
| #define PACKAGE_STRING "xdpd - NetFPGA-10G fwd-module 0.3"
| #define PACKAGE_BUGREPORT "rofl@bisdn.de"
| #define PACKAGE_URL ""
| #define PACKAGE "xdpd_netfpga10g_fm"
| #define VERSION "0.3"
| #define STDC_HEADERS 1
| #define HAVE_SYS_TYPES_H 1
| #define HAVE_SYS_STAT_H 1
| #define HAVE_STDLIB_H 1
| #define HAVE_STRING_H 1
| #define HAVE_MEMORY_H 1
| #define HAVE_STRINGS_H 1
| #define HAVE_INTTYPES_H 1
| #define HAVE_STDINT_H 1
| #define HAVE_UNISTD_H 1
| #define __EXTENSIONS__ 1
| #define _ALL_SOURCE 1
| #define _GNU_SOURCE 1
| #define _POSIX_PTHREAD_SEMANTICS 1
| #define _TANDEM_SOURCE 1
| #define HAVE_DLFCN_H 1
| #define LT_OBJDIR ".libs/"
| /* end confdefs.h.  */
| #include <ac_nonexistent.h>
configure:13015: checking for ld used by g++
configure:13082: result: /usr/bin/ld -m elf_x86_64
configure:13089: checking if the linker (/usr/bin/ld -m elf_x86_64) is GNU ld
configure:13104: result: yes
configure:13159: checking whether the g++ linker (/usr/bin/ld -m elf_x86_64) supports shared libraries
configure:14164: result: yes
configure:14200: g++ -c -g -O2  conftest.cpp >&5
configure:14203: $? = 0
configure:14723: checking for g++ option to produce PIC
configure:14730: result: -fPIC -DPIC
configure:14738: checking if g++ PIC flag -fPIC -DPIC works
configure:14756: g++ -c -g -O2  -fPIC -DPIC -DPIC conftest.cpp >&5
configure:14760: $? = 0
configure:14773: result: yes
configure:14796: checking if g++ static flag -static works
configure:14824: result: yes
configure:14836: checking if g++ supports -c -o file.o
configure:14857: g++ -c -g -O2  -o out/conftest2.o conftest.cpp >&5
configure:14861: $? = 0
configure:14883: result: yes
configure:14888: checking if g++ supports -c -o file.o
configure:14935: result: yes
configure:14965: checking whether the g++ linker (/usr/bin/ld -m elf_x86_64) supports shared libraries
configure:15004: result: yes
configure:15145: checking dynamic linker characteristics
configure:15824: result: GNU/Linux ld.so
configure:15877: checking how to hardcode library paths into programs
configure:15902: result: immediate
configure:16055: checking for pkg-config
configure:16073: found /usr/bin/pkg-config
configure:16085: result: /usr/bin/pkg-config
configure:16110: checking pkg-config is at least version 0.9.0
configure:16113: result: yes
configure:16123: checking for ROFL
configure:16130: $PKG_CONFIG --exists --print-errors "rofl >= 0.3.0"
configure:16133: $? = 0
configure:16147: $PKG_CONFIG --exists --print-errors "rofl >= 0.3.0"
configure:16150: $? = 0
configure:16188: result: yes
configure:16199: checking whether to enable debug mode
configure:16214: result: yes
configure:16238: checking whether to print debug in verbose mode
configure:16254: result: no
configure:16261: checking whether to enable profiling mode
configure:16280: result: no
configure:16466: creating ./config.status

## ---------------------- ##
## Running config.status. ##
## ---------------------- ##

This file was extended by xdpd - NetFPGA-10G fwd-module config.status 0.3, which was
generated by GNU Autoconf 2.68.  Invocation command line was

  CONFIG_FILES    = 
  CONFIG_HEADERS  = 
  CONFIG_LINKS    = 
  CONFIG_COMMANDS = 
  $ ./config.status 

on u12

config.status:1094: creating Makefile
config.status:1094: creating src/Makefile
config.status:1094: creating src/afa-imp/Makefile
config.status:1094: creating src/io/Makefile
config.status:1094: creating src/io/packet_classifiers/Makefile
config.status:1094: creating src/netfpga/Makefile
config.status:1094: creating src/afa-imp/openflow/openflow1x/Makefile
config.status:1094: creating src/pipeline-imp/Makefile
config.status:1094: creating src/util/Makefile
config.status:1251: executing depfiles commands
config.status:1251: executing libtool commands

## ---------------- ##
## Cache variables. ##
## ---------------- ##

ac_cv_build=x86_64-unknown-linux-gnu
ac_cv_c_compiler_gnu=yes
ac_cv_cxx_compiler_gnu=yes
ac_cv_env_CCC_set=
ac_cv_env_CCC_value=
ac_cv_env_CC_set=
ac_cv_env_CC_value=
ac_cv_env_CFLAGS_set=
ac_cv_env_CFLAGS_value=
ac_cv_env_CPPFLAGS_set=
ac_cv_env_CPPFLAGS_value=
ac_cv_env_CPP_set=
ac_cv_env_CPP_value=
ac_cv_env_CXXCPP_set=
ac_cv_env_CXXCPP_value=
ac_cv_env_CXXFLAGS_set=
ac_cv_env_CXXFLAGS_value=
ac_cv_env_CXX_set=
ac_cv_env_CXX_value=
ac_cv_env_LDFLAGS_set=
ac_cv_env_LDFLAGS_value=
ac_cv_env_LIBS_set=
ac_cv_env_LIBS_value=
ac_cv_env_PKG_CONFIG_LIBDIR_set=
ac_cv_env_PKG_CONFIG_LIBDIR_value=
ac_cv_env_PKG_CONFIG_PATH_set=
ac_cv_env_PKG_CONFIG_PATH_value=
ac_cv_env_PKG_CONFIG_set=
ac_cv_env_PKG_CONFIG_value=
ac_cv_env_ROFL_CFLAGS_set=
ac_cv_env_ROFL_CFLAGS_value=
ac_cv_env_ROFL_LIBS_set=
ac_cv_env_ROFL_LIBS_value=
ac_cv_env_build_alias_set=
ac_cv_env_build_alias_value=
ac_cv_env_host_alias_set=
ac_cv_env_host_alias_value=
ac_cv_env_target_alias_set=
ac_cv_env_target_alias_value=
ac_cv_header_dlfcn_h=yes
ac_cv_header_inttypes_h=yes
ac_cv_header_memory_h=yes
ac_cv_header_minix_config_h=no
ac_cv_header_stdc=yes
ac_cv_header_stdint_h=yes
ac_cv_header_stdlib_h=yes
ac_cv_header_string_h=yes
ac_cv_header_strings_h=yes
ac_cv_header_sys_stat_h=yes
ac_cv_header_sys_types_h=yes
ac_cv_header_unistd_h=yes
ac_cv_host=x86_64-unknown-linux-gnu
ac_cv_objext=o
ac_cv_path_EGREP='/bin/grep -E'
ac_cv_path_FGREP='/bin/grep -F'
ac_cv_path_GREP=/bin/grep
ac_cv_path_SED=/bin/sed
ac_cv_path_ac_pt_PKG_CONFIG=/usr/bin/pkg-config
ac_cv_path_install='/usr/bin/install -c'
ac_cv_path_mkdir=/bin/mkdir
ac_cv_prog_AWK=mawk
ac_cv_prog_CPP='gcc -E'
ac_cv_prog_CXXCPP='g++ -E'
ac_cv_prog_ac_ct_AR=ar
ac_cv_prog_ac_ct_CC=gcc
ac_cv_prog_ac_ct_CXX=g++
ac_cv_prog_ac_ct_MANIFEST_TOOL=mt
ac_cv_prog_ac_ct_OBJDUMP=objdump
ac_cv_prog_ac_ct_RANLIB=ranlib
ac_cv_prog_ac_ct_STRIP=strip
ac_cv_prog_cc_c89=
ac_cv_prog_cc_g=yes
ac_cv_prog_cxx_g=yes
ac_cv_prog_make_make_set=yes
ac_cv_safe_to_define___extensions__=yes
am_cv_CC_dependencies_compiler_type=gcc3
am_cv_CXX_dependencies_compiler_type=gcc3
am_cv_ar_interface=ar
am_cv_make_support_nested_variables=yes
lt_cv_ar_at_file=@
lt_cv_archive_cmds_need_lc=no
lt_cv_deplibs_check_method=pass_all
lt_cv_file_magic_cmd='$MAGIC_CMD'
lt_cv_file_magic_test_file=
lt_cv_ld_reload_flag=-r
lt_cv_nm_interface='BSD nm'
lt_cv_objdir=.libs
lt_cv_path_LD=/usr/bin/ld
lt_cv_path_LDCXX='/usr/bin/ld -m elf_x86_64'
lt_cv_path_NM='/usr/bin/nm -B'
lt_cv_path_mainfest_tool=no
lt_cv_prog_compiler_c_o=yes
lt_cv_prog_compiler_c_o_CXX=yes
lt_cv_prog_compiler_pic='-fPIC -DPIC'
lt_cv_prog_compiler_pic_CXX='-fPIC -DPIC'
lt_cv_prog_compiler_pic_works=yes
lt_cv_prog_compiler_pic_works_CXX=yes
lt_cv_prog_compiler_rtti_exceptions=no
lt_cv_prog_compiler_static_works=yes
lt_cv_prog_compiler_static_works_CXX=yes
lt_cv_prog_gnu_ld=yes
lt_cv_prog_gnu_ldcxx=yes
lt_cv_sharedlib_from_linklib_cmd='printf %s\n'
lt_cv_shlibpath_overrides_runpath=no
lt_cv_sys_global_symbol_pipe='sed -n -e '\''s/^.*[	 ]\([ABCDGIRSTW][ABCDGIRSTW]*\)[	 ][	 ]*\([_A-Za-z][_A-Za-z0-9]*\)$/\1 \2 \2/p'\'' | sed '\''/ __gnu_lto/d'\'''
lt_cv_sys_global_symbol_to_c_name_address='sed -n -e '\''s/^: \([^ ]*\)[ ]*$/  {\"\1\", (void *) 0},/p'\'' -e '\''s/^[ABCDGIRSTW]* \([^ ]*\) \([^ ]*\)$/  {"\2", (void *) \&\2},/p'\'''
lt_cv_sys_global_symbol_to_c_name_address_lib_prefix='sed -n -e '\''s/^: \([^ ]*\)[ ]*$/  {\"\1\", (void *) 0},/p'\'' -e '\''s/^[ABCDGIRSTW]* \([^ ]*\) \(lib[^ ]*\)$/  {"\2", (void *) \&\2},/p'\'' -e '\''s/^[ABCDGIRSTW]* \([^ ]*\) \([^ ]*\)$/  {"lib\2", (void *) \&\2},/p'\'''
lt_cv_sys_global_symbol_to_cdecl='sed -n -e '\''s/^T .* \(.*\)$/extern int \1();/p'\'' -e '\''s/^[ABCDGIRSTW]* .* \(.*\)$/extern char \1;/p'\'''
lt_cv_sys_max_cmd_len=1572864
lt_cv_to_host_file_cmd=func_convert_file_noop
lt_cv_to_tool_file_cmd=func_convert_file_noop
pkg_cv_ROFL_CFLAGS='-I/usr/local/include  '
pkg_cv_ROFL_LIBS='-L/usr/local/lib -lrofl  '

## ----------------- ##
## Output variables. ##
## ----------------- ##

ACLOCAL='${SHELL} /home/u/Documents/xdpd/src/xdpd/fwd-modules/netfpga10g/missing --run aclocal-1.11'
AMDEPBACKSLASH='\'
AMDEP_FALSE='#'
AMDEP_TRUE=''
AMTAR='$${TAR-tar}'
AM_BACKSLASH='\'
AM_DEFAULT_V='$(AM_DEFAULT_VERBOSITY)'
AM_DEFAULT_VERBOSITY='0'
AM_V='$(V)'
AR='ar'
AUTOCONF='${SHELL} /home/u/Documents/xdpd/src/xdpd/fwd-modules/netfpga10g/missing --run autoconf'
AUTOHEADER='${SHELL} /home/u/Documents/xdpd/src/xdpd/fwd-modules/netfpga10g/missing --run autoheader'
AUTOMAKE='${SHELL} /home/u/Documents/xdpd/src/xdpd/fwd-modules/netfpga10g/missing --run automake-1.11'
AWK='mawk'
CC='gcc'
CCDEPMODE='depmode=gcc3'
CFLAGS='-Werror -Wall -Wl,-export-dynamic -g -O2 -g -O0'
CPP='gcc -E'
CPPFLAGS='-I/usr/local/include  '
CXX='g++'
CXXCPP='g++ -E'
CXXDEPMODE='depmode=gcc3'
CXXFLAGS='-Werror -Wall -Wl,-export-dynamic -g -O2 -g -O0 -fno-inline'
CYGPATH_W='echo'
DEBUG_FALSE='#'
DEBUG_TRUE=''
DEFS='-DPACKAGE_NAME=\"xdpd\ -\ NetFPGA-10G\ fwd-module\" -DPACKAGE_TARNAME=\"xdpd_netfpga10g_fm\" -DPACKAGE_VERSION=\"0.3\" -DPACKAGE_STRING=\"xdpd\ -\ NetFPGA-10G\ fwd-module\ 0.3\" -DPACKAGE_BUGREPORT=\"rofl@bisdn.de\" -DPACKAGE_URL=\"\" -DPACKAGE=\"xdpd_netfpga10g_fm\" -DVERSION=\"0.3\" -DSTDC_HEADERS=1 -DHAVE_SYS_TYPES_H=1 -DHAVE_SYS_STAT_H=1 -DHAVE_STDLIB_H=1 -DHAVE_STRING_H=1 -DHAVE_MEMORY_H=1 -DHAVE_STRINGS_H=1 -DHAVE_INTTYPES_H=1 -DHAVE_STDINT_H=1 -DHAVE_UNISTD_H=1 -D__EXTENSIONS__=1 -D_ALL_SOURCE=1 -D_GNU_SOURCE=1 -D_POSIX_PTHREAD_SEMANTICS=1 -D_TANDEM_SOURCE=1 -DHAVE_DLFCN_H=1 -DLT_OBJDIR=\".libs/\" -D__STDC_FORMAT_MACROS=1 -DDEBUG=1'
DEPDIR='.deps'
DLLTOOL='false'
DSYMUTIL=''
DUMPBIN=''
ECHO_C=''
ECHO_N='-n'
ECHO_T=''
EGREP='/bin/grep -E'
EXEEXT=''
FGREP='/bin/grep -F'
GREP='/bin/grep'
INSTALL_DATA='${INSTALL} -m 644'
INSTALL_PROGRAM='${INSTALL}'
INSTALL_SCRIPT='${INSTALL}'
INSTALL_STRIP_PROGRAM='$(install_sh) -c -s'
LD='/usr/bin/ld -m elf_x86_64'
LDFLAGS=''
LIBOBJS=''
LIBS='-L/usr/local/lib -lrofl  '
LIBTOOL='$(SHELL) $(top_builddir)/libtool --preserve-dup-deps'
LIPO=''
LN_S='ln -s'
LTLIBOBJS=''
MAKEINFO='${SHELL} /home/u/Documents/xdpd/src/xdpd/fwd-modules/netfpga10g/missing --run makeinfo'
MANIFEST_TOOL=':'
MKDIR_P='/bin/mkdir -p'
NM='/usr/bin/nm -B'
NMEDIT=''
OBJDUMP='objdump'
OBJEXT='o'
OTOOL64=''
OTOOL=''
PACKAGE='xdpd_netfpga10g_fm'
PACKAGE_BUGREPORT='rofl@bisdn.de'
PACKAGE_NAME='xdpd - NetFPGA-10G fwd-module'
PACKAGE_STRING='xdpd - NetFPGA-10G fwd-module 0.3'
PACKAGE_TARNAME='xdpd_netfpga10g_fm'
PACKAGE_URL=''
PACKAGE_VERSION='0.3'
PATH_SEPARATOR=':'
PKG_CONFIG='/usr/bin/pkg-config'
PKG_CONFIG_LIBDIR=''
PKG_CONFIG_PATH=''
RANLIB='ranlib'
ROFL_CFLAGS='-I/usr/local/include  '
ROFL_LIBS='-L/usr/local/lib -lrofl  '
SED='/bin/sed'
SET_MAKE=''
SHELL='/bin/bash'
STRIP='strip'
VERSION='0.3'
ac_ct_AR='ar'
ac_ct_CC='gcc'
ac_ct_CXX='g++'
ac_ct_DUMPBIN=''
am__EXEEXT_FALSE=''
am__EXEEXT_TRUE='#'
am__fastdepCC_FALSE='#'
am__fastdepCC_TRUE=''
am__fastdepCXX_FALSE='#'
am__fastdepCXX_TRUE=''
am__include='include'
am__isrc=' -I$(srcdir)'
am__leading_dot='.'
am__nodep='_no'
am__quote=''
am__tar='$${TAR-tar} chof - "$$tardir"'
am__untar='$${TAR-tar} xf -'
bindir='${exec_prefix}/bin'
build='x86_64-unknown-linux-gnu'
build_alias=''
build_cpu='x86_64'
build_os='linux-gnu'
build_vendor='unknown'
datadir='${datarootdir}'
datarootdir='${prefix}/share'
docdir='${datarootdir}/doc/${PACKAGE_TARNAME}'
dvidir='${docdir}'
exec_prefix='${prefix}'
host='x86_64-unknown-linux-gnu'
host_alias=''
host_cpu='x86_64'
host_os='linux-gnu'
host_vendor='unknown'
htmldir='${docdir}'
includedir='${prefix}/include'
infodir='${datarootdir}/info'
install_sh='${SHELL} /home/u/Documents/xdpd/src/xdpd/fwd-modules/netfpga10g/install-sh'
libdir='${exec_prefix}/lib'
libexecdir='${exec_prefix}/libexec'
localedir='${datarootdir}/locale'
localstatedir='${prefix}/var'
mandir='${datarootdir}/man'
mkdir_p='/bin/mkdir -p'
oldincludedir='/usr/include'
pdfdir='${docdir}'
prefix='/usr/local'
program_transform_name='s,x,x,'
psdir='${docdir}'
sbindir='${exec_prefix}/sbin'
sharedstatedir='${prefix}/com'
sysconfdir='${prefix}/etc'
target_alias=''

## ----------- ##
## confdefs.h. ##
## ----------- ##

/* confdefs.h */
#define PACKAGE_NAME "xdpd - NetFPGA-10G fwd-module"
#define PACKAGE_TARNAME "xdpd_netfpga10g_fm"
#define PACKAGE_VERSION "0.3"
#define PACKAGE_STRING "xdpd - NetFPGA-10G fwd-module 0.3"
#define PACKAGE_BUGREPORT "rofl@bisdn.de"
#define PACKAGE_URL ""
#define PACKAGE "xdpd_netfpga10g_fm"
#define VERSION "0.3"
#define STDC_HEADERS 1
#define HAVE_SYS_TYPES_H 1
#define HAVE_SYS_STAT_H 1
#define HAVE_STDLIB_H 1
#define HAVE_STRING_H 1
#define HAVE_MEMORY_H 1
#define HAVE_STRINGS_H 1
#define HAVE_INTTYPES_H 1
#define HAVE_STDINT_H 1
#define HAVE_UNISTD_H 1
#define __EXTENSIONS__ 1
#define _ALL_SOURCE 1
#define _GNU_SOURCE 1
#define _POSIX_PTHREAD_SEMANTICS 1
#define _TANDEM_SOURCE 1
#define HAVE_DLFCN_H 1
#define LT_OBJDIR ".libs/"
#define __STDC_FORMAT_MACROS 1
#define DEBUG 1

configure: exit 0

## ---------------------- ##
## Running config.status. ##
## ---------------------- ##

This file was extended by xdpd - NetFPGA-10G fwd-module config.status 0.3, which was
generated by GNU Autoconf 2.68.  Invocation command line was

  CONFIG_FILES    = 
  CONFIG_HEADERS  = 
  CONFIG_LINKS    = 
  CONFIG_COMMANDS = 
  $ ./config.status src/netfpga/Makefile depfiles

on u12

config.status:1094: creating src/netfpga/Makefile
config.status:1251: executing depfiles commands

## ---------------------- ##
## Running config.status. ##
## ---------------------- ##

This file was extended by xdpd - NetFPGA-10G fwd-module config.status 0.3, which was
generated by GNU Autoconf 2.68.  Invocation command line was

  CONFIG_FILES    = 
  CONFIG_HEADERS  = 
  CONFIG_LINKS    = 
  CONFIG_COMMANDS = 
  $ ./config.status src/netfpga/Makefile depfiles

on u12

config.status:1094: creating src/netfpga/Makefile
config.status:1251: executing depfiles commands

## ---------------------- ##
## Running config.status. ##
## ---------------------- ##

This file was extended by xdpd - NetFPGA-10G fwd-module config.status 0.3, which was
generated by GNU Autoconf 2.68.  Invocation command line was

  CONFIG_FILES    = 
  CONFIG_HEADERS  = 
  CONFIG_LINKS    = 
  CONFIG_COMMANDS = 
  $ ./config.status src/netfpga/Makefile depfiles

on u12

config.status:1094: creating src/netfpga/Makefile
config.status:1251: executing depfiles commands
