This file contains any messages produced by compilers while
running configure, to aid debugging if configure makes a mistake.

It was created by xdpd configure 0.3, which was
generated by GNU Autoconf 2.68.  Invocation command line was

  $ ../configure --enable-debug --enable-netfpga10g

## --------- ##
## Platform. ##
## --------- ##

hostname = u12
uname -m = x86_64
uname -r = 3.8.0-29-generic
uname -s = Linux
uname -v = #42~precise1-Ubuntu SMP Wed Aug 14 16:19:23 UTC 2013

/usr/bin/uname -p = unknown
/bin/uname -X     = unknown

/bin/arch              = unknown
/usr/bin/arch -k       = unknown
/usr/convex/getsysinfo = unknown
/usr/bin/hostinfo      = unknown
/bin/machine           = unknown
/usr/bin/oslevel       = unknown
/bin/universe          = unknown

PATH: /usr/local/sbin
PATH: /usr/local/bin
PATH: /usr/sbin
PATH: /usr/bin
PATH: /sbin
PATH: /bin
PATH: /usr/games


## ----------- ##
## Core tests. ##
## ----------- ##

configure:2537: checking for a BSD-compatible install
configure:2605: result: /usr/bin/install -c
configure:2616: checking whether build environment is sane
configure:2666: result: yes
configure:2807: checking for a thread-safe mkdir -p
configure:2846: result: /bin/mkdir -p
configure:2859: checking for gawk
configure:2889: result: no
configure:2859: checking for mawk
configure:2875: found /usr/bin/mawk
configure:2886: result: mawk
configure:2897: checking whether make sets $(MAKE)
configure:2919: result: yes
configure:3012: checking for style of include used by make
configure:3040: result: GNU
configure:3111: checking for gcc
configure:3127: found /usr/bin/gcc
configure:3138: result: gcc
configure:3367: checking for C compiler version
configure:3376: gcc --version >&5
gcc (Ubuntu/Linaro 4.6.3-1ubuntu5) 4.6.3
Copyright (C) 2011 Free Software Foundation, Inc.
This is free software; see the source for copying conditions.  There is NO
warranty; not even for MERCHANTABILITY or FITNESS FOR A PARTICULAR PURPOSE.

configure:3387: $? = 0
configure:3376: gcc -v >&5
Using built-in specs.
COLLECT_GCC=gcc
COLLECT_LTO_WRAPPER=/usr/lib/gcc/x86_64-linux-gnu/4.6/lto-wrapper
Target: x86_64-linux-gnu
Configured with: ../src/configure -v --with-pkgversion='Ubuntu/Linaro 4.6.3-1ubuntu5' --with-bugurl=file:///usr/share/doc/gcc-4.6/README.Bugs --enable-languages=c,c++,fortran,objc,obj-c++ --prefix=/usr --program-suffix=-4.6 --enable-shared --enable-linker-build-id --with-system-zlib --libexecdir=/usr/lib --without-included-gettext --enable-threads=posix --with-gxx-include-dir=/usr/include/c++/4.6 --libdir=/usr/lib --enable-nls --with-sysroot=/ --enable-clocale=gnu --enable-libstdcxx-debug --enable-libstdcxx-time=yes --enable-gnu-unique-object --enable-plugin --enable-objc-gc --disable-werror --with-arch-32=i686 --with-tune=generic --enable-checking=release --build=x86_64-linux-gnu --host=x86_64-linux-gnu --target=x86_64-linux-gnu
Thread model: posix
gcc version 4.6.3 (Ubuntu/Linaro 4.6.3-1ubuntu5) 
configure:3387: $? = 0
configure:3376: gcc -V >&5
gcc: error: unrecognized option '-V'
gcc: fatal error: no input files
compilation terminated.
configure:3387: $? = 4
configure:3376: gcc -qversion >&5
gcc: error: unrecognized option '-qversion'
gcc: fatal error: no input files
compilation terminated.
configure:3387: $? = 4
configure:3407: checking whether the C compiler works
configure:3429: gcc    conftest.c  >&5
configure:3433: $? = 0
configure:3481: result: yes
configure:3484: checking for C compiler default output file name
configure:3486: result: a.out
configure:3492: checking for suffix of executables
configure:3499: gcc -o conftest    conftest.c  >&5
configure:3503: $? = 0
configure:3525: result: 
configure:3547: checking whether we are cross compiling
configure:3555: gcc -o conftest    conftest.c  >&5
configure:3559: $? = 0
configure:3566: ./conftest
configure:3570: $? = 0
configure:3585: result: no
configure:3590: checking for suffix of object files
configure:3612: gcc -c   conftest.c >&5
configure:3616: $? = 0
configure:3637: result: o
configure:3641: checking whether we are using the GNU C compiler
configure:3660: gcc -c   conftest.c >&5
configure:3660: $? = 0
configure:3669: result: yes
configure:3678: checking whether gcc accepts -g
configure:3698: gcc -c -g  conftest.c >&5
configure:3698: $? = 0
configure:3739: result: yes
configure:3756: checking for gcc option to accept ISO C89
configure:3820: gcc  -c -g -O2  conftest.c >&5
configure:3820: $? = 0
configure:3833: result: none needed
configure:3855: checking dependency style of gcc
configure:3966: result: gcc3
configure:3987: checking how to run the C preprocessor
configure:4018: gcc -E  conftest.c
configure:4018: $? = 0
configure:4032: gcc -E  conftest.c
conftest.c:11:28: fatal error: ac_nonexistent.h: No such file or directory
compilation terminated.
configure:4032: $? = 1
configure: failed program was:
| /* confdefs.h */
| #define PACKAGE_NAME "xdpd"
| #define PACKAGE_TARNAME "xdpd"
| #define PACKAGE_VERSION "0.3"
| #define PACKAGE_STRING "xdpd 0.3"
| #define PACKAGE_BUGREPORT "xdpd@bisdn.de"
| #define PACKAGE_URL ""
| #define PACKAGE "xdpd"
| #define VERSION "0.3"
| /* end confdefs.h.  */
| #include <ac_nonexistent.h>
configure:4057: result: gcc -E
configure:4077: gcc -E  conftest.c
configure:4077: $? = 0
configure:4091: gcc -E  conftest.c
conftest.c:11:28: fatal error: ac_nonexistent.h: No such file or directory
compilation terminated.
configure:4091: $? = 1
configure: failed program was:
| /* confdefs.h */
| #define PACKAGE_NAME "xdpd"
| #define PACKAGE_TARNAME "xdpd"
| #define PACKAGE_VERSION "0.3"
| #define PACKAGE_STRING "xdpd 0.3"
| #define PACKAGE_BUGREPORT "xdpd@bisdn.de"
| #define PACKAGE_URL ""
| #define PACKAGE "xdpd"
| #define VERSION "0.3"
| /* end confdefs.h.  */
| #include <ac_nonexistent.h>
configure:4120: checking for grep that handles long lines and -e
configure:4178: result: /bin/grep
configure:4183: checking for egrep
configure:4245: result: /bin/grep -E
configure:4250: checking for ANSI C header files
configure:4270: gcc -c -g -O2  conftest.c >&5
configure:4270: $? = 0
configure:4343: gcc -o conftest -g -O2   conftest.c  >&5
configure:4343: $? = 0
configure:4343: ./conftest
configure:4343: $? = 0
configure:4354: result: yes
configure:4367: checking for sys/types.h
configure:4367: gcc -c -g -O2  conftest.c >&5
configure:4367: $? = 0
configure:4367: result: yes
configure:4367: checking for sys/stat.h
configure:4367: gcc -c -g -O2  conftest.c >&5
configure:4367: $? = 0
configure:4367: result: yes
configure:4367: checking for stdlib.h
configure:4367: gcc -c -g -O2  conftest.c >&5
configure:4367: $? = 0
configure:4367: result: yes
configure:4367: checking for string.h
configure:4367: gcc -c -g -O2  conftest.c >&5
configure:4367: $? = 0
configure:4367: result: yes
configure:4367: checking for memory.h
configure:4367: gcc -c -g -O2  conftest.c >&5
configure:4367: $? = 0
configure:4367: result: yes
configure:4367: checking for strings.h
configure:4367: gcc -c -g -O2  conftest.c >&5
configure:4367: $? = 0
configure:4367: result: yes
configure:4367: checking for inttypes.h
configure:4367: gcc -c -g -O2  conftest.c >&5
configure:4367: $? = 0
configure:4367: result: yes
configure:4367: checking for stdint.h
configure:4367: gcc -c -g -O2  conftest.c >&5
configure:4367: $? = 0
configure:4367: result: yes
configure:4367: checking for unistd.h
configure:4367: gcc -c -g -O2  conftest.c >&5
configure:4367: $? = 0
configure:4367: result: yes
configure:4380: checking minix/config.h usability
configure:4380: gcc -c -g -O2  conftest.c >&5
conftest.c:54:26: fatal error: minix/config.h: No such file or directory
compilation terminated.
configure:4380: $? = 1
configure: failed program was:
| /* confdefs.h */
| #define PACKAGE_NAME "xdpd"
| #define PACKAGE_TARNAME "xdpd"
| #define PACKAGE_VERSION "0.3"
| #define PACKAGE_STRING "xdpd 0.3"
| #define PACKAGE_BUGREPORT "xdpd@bisdn.de"
| #define PACKAGE_URL ""
| #define PACKAGE "xdpd"
| #define VERSION "0.3"
| #define STDC_HEADERS 1
| #define HAVE_SYS_TYPES_H 1
| #define HAVE_SYS_STAT_H 1
| #define HAVE_STDLIB_H 1
| #define HAVE_STRING_H 1
| #define HAVE_MEMORY_H 1
| #define HAVE_STRINGS_H 1
| #define HAVE_INTTYPES_H 1
| #define HAVE_STDINT_H 1
| #define HAVE_UNISTD_H 1
| /* end confdefs.h.  */
| #include <stdio.h>
| #ifdef HAVE_SYS_TYPES_H
| # include <sys/types.h>
| #endif
| #ifdef HAVE_SYS_STAT_H
| # include <sys/stat.h>
| #endif
| #ifdef STDC_HEADERS
| # include <stdlib.h>
| # include <stddef.h>
| #else
| # ifdef HAVE_STDLIB_H
| #  include <stdlib.h>
| # endif
| #endif
| #ifdef HAVE_STRING_H
| # if !defined STDC_HEADERS && defined HAVE_MEMORY_H
| #  include <memory.h>
| # endif
| # include <string.h>
| #endif
| #ifdef HAVE_STRINGS_H
| # include <strings.h>
| #endif
| #ifdef HAVE_INTTYPES_H
| # include <inttypes.h>
| #endif
| #ifdef HAVE_STDINT_H
| # include <stdint.h>
| #endif
| #ifdef HAVE_UNISTD_H
| # include <unistd.h>
| #endif
| #include <minix/config.h>
configure:4380: result: no
configure:4380: checking minix/config.h presence
configure:4380: gcc -E  conftest.c
conftest.c:21:26: fatal error: minix/config.h: No such file or directory
compilation terminated.
configure:4380: $? = 1
configure: failed program was:
| /* confdefs.h */
| #define PACKAGE_NAME "xdpd"
| #define PACKAGE_TARNAME "xdpd"
| #define PACKAGE_VERSION "0.3"
| #define PACKAGE_STRING "xdpd 0.3"
| #define PACKAGE_BUGREPORT "xdpd@bisdn.de"
| #define PACKAGE_URL ""
| #define PACKAGE "xdpd"
| #define VERSION "0.3"
| #define STDC_HEADERS 1
| #define HAVE_SYS_TYPES_H 1
| #define HAVE_SYS_STAT_H 1
| #define HAVE_STDLIB_H 1
| #define HAVE_STRING_H 1
| #define HAVE_MEMORY_H 1
| #define HAVE_STRINGS_H 1
| #define HAVE_INTTYPES_H 1
| #define HAVE_STDINT_H 1
| #define HAVE_UNISTD_H 1
| /* end confdefs.h.  */
| #include <minix/config.h>
configure:4380: result: no
configure:4380: checking for minix/config.h
configure:4380: result: no
configure:4401: checking whether it is safe to define __EXTENSIONS__
configure:4419: gcc -c -g -O2  conftest.c >&5
configure:4419: $? = 0
configure:4426: result: yes
configure:4491: checking for gcc
configure:4518: result: gcc
configure:4747: checking for C compiler version
configure:4756: gcc --version >&5
gcc (Ubuntu/Linaro 4.6.3-1ubuntu5) 4.6.3
Copyright (C) 2011 Free Software Foundation, Inc.
This is free software; see the source for copying conditions.  There is NO
warranty; not even for MERCHANTABILITY or FITNESS FOR A PARTICULAR PURPOSE.

configure:4767: $? = 0
configure:4756: gcc -v >&5
Using built-in specs.
COLLECT_GCC=gcc
COLLECT_LTO_WRAPPER=/usr/lib/gcc/x86_64-linux-gnu/4.6/lto-wrapper
Target: x86_64-linux-gnu
Configured with: ../src/configure -v --with-pkgversion='Ubuntu/Linaro 4.6.3-1ubuntu5' --with-bugurl=file:///usr/share/doc/gcc-4.6/README.Bugs --enable-languages=c,c++,fortran,objc,obj-c++ --prefix=/usr --program-suffix=-4.6 --enable-shared --enable-linker-build-id --with-system-zlib --libexecdir=/usr/lib --without-included-gettext --enable-threads=posix --with-gxx-include-dir=/usr/include/c++/4.6 --libdir=/usr/lib --enable-nls --with-sysroot=/ --enable-clocale=gnu --enable-libstdcxx-debug --enable-libstdcxx-time=yes --enable-gnu-unique-object --enable-plugin --enable-objc-gc --disable-werror --with-arch-32=i686 --with-tune=generic --enable-checking=release --build=x86_64-linux-gnu --host=x86_64-linux-gnu --target=x86_64-linux-gnu
Thread model: posix
gcc version 4.6.3 (Ubuntu/Linaro 4.6.3-1ubuntu5) 
configure:4767: $? = 0
configure:4756: gcc -V >&5
gcc: error: unrecognized option '-V'
gcc: fatal error: no input files
compilation terminated.
configure:4767: $? = 4
configure:4756: gcc -qversion >&5
gcc: error: unrecognized option '-qversion'
gcc: fatal error: no input files
compilation terminated.
configure:4767: $? = 4
configure:4771: checking whether we are using the GNU C compiler
configure:4799: result: yes
configure:4808: checking whether gcc accepts -g
configure:4869: result: yes
configure:4886: checking for gcc option to accept ISO C89
configure:4963: result: none needed
configure:4985: checking dependency style of gcc
configure:5096: result: gcc3
configure:5169: checking for g++
configure:5185: found /usr/bin/g++
configure:5196: result: g++
configure:5223: checking for C++ compiler version
configure:5232: g++ --version >&5
g++ (Ubuntu/Linaro 4.6.3-1ubuntu5) 4.6.3
Copyright (C) 2011 Free Software Foundation, Inc.
This is free software; see the source for copying conditions.  There is NO
warranty; not even for MERCHANTABILITY or FITNESS FOR A PARTICULAR PURPOSE.

configure:5243: $? = 0
configure:5232: g++ -v >&5
Using built-in specs.
COLLECT_GCC=g++
COLLECT_LTO_WRAPPER=/usr/lib/gcc/x86_64-linux-gnu/4.6/lto-wrapper
Target: x86_64-linux-gnu
Configured with: ../src/configure -v --with-pkgversion='Ubuntu/Linaro 4.6.3-1ubuntu5' --with-bugurl=file:///usr/share/doc/gcc-4.6/README.Bugs --enable-languages=c,c++,fortran,objc,obj-c++ --prefix=/usr --program-suffix=-4.6 --enable-shared --enable-linker-build-id --with-system-zlib --libexecdir=/usr/lib --without-included-gettext --enable-threads=posix --with-gxx-include-dir=/usr/include/c++/4.6 --libdir=/usr/lib --enable-nls --with-sysroot=/ --enable-clocale=gnu --enable-libstdcxx-debug --enable-libstdcxx-time=yes --enable-gnu-unique-object --enable-plugin --enable-objc-gc --disable-werror --with-arch-32=i686 --with-tune=generic --enable-checking=release --build=x86_64-linux-gnu --host=x86_64-linux-gnu --target=x86_64-linux-gnu
Thread model: posix
gcc version 4.6.3 (Ubuntu/Linaro 4.6.3-1ubuntu5) 
configure:5243: $? = 0
configure:5232: g++ -V >&5
g++: error: unrecognized option '-V'
g++: fatal error: no input files
compilation terminated.
configure:5243: $? = 4
configure:5232: g++ -qversion >&5
g++: error: unrecognized option '-qversion'
g++: fatal error: no input files
compilation terminated.
configure:5243: $? = 4
configure:5247: checking whether we are using the GNU C++ compiler
configure:5266: g++ -c   conftest.cpp >&5
configure:5266: $? = 0
configure:5275: result: yes
configure:5284: checking whether g++ accepts -g
configure:5304: g++ -c -g  conftest.cpp >&5
configure:5304: $? = 0
configure:5345: result: yes
configure:5370: checking dependency style of g++
configure:5481: result: gcc3
configure:5500: checking build system type
configure:5514: result: x86_64-unknown-linux-gnu
configure:5534: checking host system type
configure:5547: result: x86_64-unknown-linux-gnu
configure:5567: checking for a sed that does not truncate output
configure:5631: result: /bin/sed
configure:5649: checking for fgrep
configure:5711: result: /bin/grep -F
configure:5738: checking how to print strings
configure:5765: result: printf
configure:5798: checking for ld used by gcc
configure:5865: result: /usr/bin/ld
configure:5872: checking if the linker (/usr/bin/ld) is GNU ld
configure:5887: result: yes
configure:5948: checking for ar
configure:5964: found /usr/bin/ar
configure:5975: result: ar
configure:6001: checking the archiver (ar) interface
configure:6011: gcc -c -g -O2  conftest.c >&5
configure:6011: $? = 0
configure:6013: ar cru libconftest.a conftest.o >&5
configure:6016: $? = 0
configure:6039: result: ar
configure:6070: checking whether make supports nested variables
configure:6087: result: yes
configure:6142: checking for BSD- or MS-compatible name lister (nm)
configure:6191: result: /usr/bin/nm -B
configure:6321: checking the name lister (/usr/bin/nm -B) interface
configure:6328: gcc -c -g -O2  conftest.c >&5
configure:6331: /usr/bin/nm -B "conftest.o"
configure:6334: output
0000000000000000 B some_variable
configure:6341: result: BSD nm
configure:6344: checking whether ln -s works
configure:6348: result: yes
configure:6356: checking the maximum length of command line arguments
configure:6486: result: 1572864
configure:6503: checking whether the shell understands some XSI constructs
configure:6513: result: yes
configure:6517: checking whether the shell understands "+="
configure:6523: result: yes
configure:6558: checking how to convert x86_64-unknown-linux-gnu file names to x86_64-unknown-linux-gnu format
configure:6598: result: func_convert_file_noop
configure:6605: checking how to convert x86_64-unknown-linux-gnu file names to toolchain format
configure:6625: result: func_convert_file_noop
configure:6632: checking for /usr/bin/ld option to reload object files
configure:6639: result: -r
configure:6713: checking for objdump
configure:6729: found /usr/bin/objdump
configure:6740: result: objdump
configure:6772: checking how to recognize dependent libraries
configure:6974: result: pass_all
configure:7059: checking for dlltool
configure:7089: result: no
configure:7119: checking how to associate runtime and link libraries
configure:7146: result: printf %s\n
configure:7270: checking for archiver @FILE support
configure:7287: gcc -c -g -O2  conftest.c >&5
configure:7287: $? = 0
configure:7290: ar cru libconftest.a @conftest.lst >&5
configure:7293: $? = 0
configure:7298: ar cru libconftest.a @conftest.lst >&5
ar: conftest.o: No such file or directory
configure:7301: $? = 1
configure:7313: result: @
configure:7371: checking for strip
configure:7387: found /usr/bin/strip
configure:7398: result: strip
configure:7470: checking for ranlib
configure:7486: found /usr/bin/ranlib
configure:7497: result: ranlib
configure:7599: checking command to parse /usr/bin/nm -B output from gcc object
configure:7719: gcc -c -g -O2  conftest.c >&5
configure:7722: $? = 0
configure:7726: /usr/bin/nm -B conftest.o \| sed -n -e 's/^.*[ ]\([ABCDGIRSTW][ABCDGIRSTW]*\)[ ][ ]*\([_A-Za-z][_A-Za-z0-9]*\)$/\1 \2 \2/p' | sed '/ __gnu_lto/d' \> conftest.nm
configure:7729: $? = 0
configure:7795: gcc -o conftest -g -O2   conftest.c conftstm.o >&5
configure:7798: $? = 0
configure:7836: result: ok
configure:7873: checking for sysroot
configure:7903: result: no
configure:7980: gcc -c -g -O2  conftest.c >&5
configure:7983: $? = 0
configure:8159: checking for mt
configure:8175: found /bin/mt
configure:8186: result: mt
configure:8209: checking if mt is a manifest tool
configure:8215: mt '-?'
configure:8223: result: no
configure:8862: checking for dlfcn.h
configure:8862: gcc -c -g -O2  conftest.c >&5
configure:8862: $? = 0
configure:8862: result: yes
configure:9079: checking for objdir
configure:9094: result: .libs
configure:9361: checking if gcc supports -fno-rtti -fno-exceptions
configure:9379: gcc -c -g -O2  -fno-rtti -fno-exceptions conftest.c >&5
cc1: warning: command line option '-fno-rtti' is valid for C++/ObjC++ but not for C [enabled by default]
configure:9383: $? = 0
configure:9396: result: no
configure:9723: checking for gcc option to produce PIC
configure:9730: result: -fPIC -DPIC
configure:9738: checking if gcc PIC flag -fPIC -DPIC works
configure:9756: gcc -c -g -O2  -fPIC -DPIC -DPIC conftest.c >&5
configure:9760: $? = 0
configure:9773: result: yes
configure:9802: checking if gcc static flag -static works
configure:9830: result: yes
configure:9845: checking if gcc supports -c -o file.o
configure:9866: gcc -c -g -O2  -o out/conftest2.o conftest.c >&5
configure:9870: $? = 0
configure:9892: result: yes
configure:9900: checking if gcc supports -c -o file.o
configure:9947: result: yes
configure:9980: checking whether the gcc linker (/usr/bin/ld -m elf_x86_64) supports shared libraries
configure:11137: result: yes
configure:11174: checking whether -lc should be explicitly linked in
configure:11182: gcc -c -g -O2  conftest.c >&5
configure:11185: $? = 0
configure:11200: gcc -shared  -fPIC -DPIC conftest.o  -v -Wl,-soname -Wl,conftest -o conftest 2\>\&1 \| /bin/grep  -lc  \>/dev/null 2\>\&1
configure:11203: $? = 0
configure:11217: result: no
configure:11377: checking dynamic linker characteristics
configure:11888: gcc -o conftest -g -O2   -Wl,-rpath -Wl,/foo conftest.c  >&5
configure:11888: $? = 0
configure:12122: result: GNU/Linux ld.so
configure:12229: checking how to hardcode library paths into programs
configure:12254: result: immediate
configure:12794: checking whether stripping libraries is possible
configure:12799: result: yes
configure:12834: checking if libtool supports shared libraries
configure:12836: result: yes
configure:12839: checking whether to build shared libraries
configure:12860: result: yes
configure:12863: checking whether to build static libraries
configure:12867: result: yes
configure:12890: checking how to run the C++ preprocessor
configure:12917: g++ -E  conftest.cpp
configure:12917: $? = 0
configure:12931: g++ -E  conftest.cpp
conftest.cpp:28:28: fatal error: ac_nonexistent.h: No such file or directory
compilation terminated.
configure:12931: $? = 1
configure: failed program was:
| /* confdefs.h */
| #define PACKAGE_NAME "xdpd"
| #define PACKAGE_TARNAME "xdpd"
| #define PACKAGE_VERSION "0.3"
| #define PACKAGE_STRING "xdpd 0.3"
| #define PACKAGE_BUGREPORT "xdpd@bisdn.de"
| #define PACKAGE_URL ""
| #define PACKAGE "xdpd"
| #define VERSION "0.3"
| #define STDC_HEADERS 1
| #define HAVE_SYS_TYPES_H 1
| #define HAVE_SYS_STAT_H 1
| #define HAVE_STDLIB_H 1
| #define HAVE_STRING_H 1
| #define HAVE_MEMORY_H 1
| #define HAVE_STRINGS_H 1
| #define HAVE_INTTYPES_H 1
| #define HAVE_STDINT_H 1
| #define HAVE_UNISTD_H 1
| #define __EXTENSIONS__ 1
| #define _ALL_SOURCE 1
| #define _GNU_SOURCE 1
| #define _POSIX_PTHREAD_SEMANTICS 1
| #define _TANDEM_SOURCE 1
| #define HAVE_DLFCN_H 1
| #define LT_OBJDIR ".libs/"
| /* end confdefs.h.  */
| #include <ac_nonexistent.h>
configure:12956: result: g++ -E
configure:12976: g++ -E  conftest.cpp
configure:12976: $? = 0
configure:12990: g++ -E  conftest.cpp
conftest.cpp:28:28: fatal error: ac_nonexistent.h: No such file or directory
compilation terminated.
configure:12990: $? = 1
configure: failed program was:
| /* confdefs.h */
| #define PACKAGE_NAME "xdpd"
| #define PACKAGE_TARNAME "xdpd"
| #define PACKAGE_VERSION "0.3"
| #define PACKAGE_STRING "xdpd 0.3"
| #define PACKAGE_BUGREPORT "xdpd@bisdn.de"
| #define PACKAGE_URL ""
| #define PACKAGE "xdpd"
| #define VERSION "0.3"
| #define STDC_HEADERS 1
| #define HAVE_SYS_TYPES_H 1
| #define HAVE_SYS_STAT_H 1
| #define HAVE_STDLIB_H 1
| #define HAVE_STRING_H 1
| #define HAVE_MEMORY_H 1
| #define HAVE_STRINGS_H 1
| #define HAVE_INTTYPES_H 1
| #define HAVE_STDINT_H 1
| #define HAVE_UNISTD_H 1
| #define __EXTENSIONS__ 1
| #define _ALL_SOURCE 1
| #define _GNU_SOURCE 1
| #define _POSIX_PTHREAD_SEMANTICS 1
| #define _TANDEM_SOURCE 1
| #define HAVE_DLFCN_H 1
| #define LT_OBJDIR ".libs/"
| /* end confdefs.h.  */
| #include <ac_nonexistent.h>
configure:13159: checking for ld used by g++
configure:13226: result: /usr/bin/ld -m elf_x86_64
configure:13233: checking if the linker (/usr/bin/ld -m elf_x86_64) is GNU ld
configure:13248: result: yes
configure:13303: checking whether the g++ linker (/usr/bin/ld -m elf_x86_64) supports shared libraries
configure:14308: result: yes
configure:14344: g++ -c -g -O2  conftest.cpp >&5
configure:14347: $? = 0
configure:14867: checking for g++ option to produce PIC
configure:14874: result: -fPIC -DPIC
configure:14882: checking if g++ PIC flag -fPIC -DPIC works
configure:14900: g++ -c -g -O2  -fPIC -DPIC -DPIC conftest.cpp >&5
configure:14904: $? = 0
configure:14917: result: yes
configure:14940: checking if g++ static flag -static works
configure:14968: result: yes
configure:14980: checking if g++ supports -c -o file.o
configure:15001: g++ -c -g -O2  -o out/conftest2.o conftest.cpp >&5
configure:15005: $? = 0
configure:15027: result: yes
configure:15032: checking if g++ supports -c -o file.o
configure:15079: result: yes
configure:15109: checking whether the g++ linker (/usr/bin/ld -m elf_x86_64) supports shared libraries
configure:15148: result: yes
configure:15289: checking dynamic linker characteristics
configure:15968: result: GNU/Linux ld.so
configure:16021: checking how to hardcode library paths into programs
configure:16046: result: immediate
configure:16147: checking for pthread_kill in -lpthread
configure:16172: gcc -o conftest -Werror -Wall -Wl,--as-needed -Wl,-export-dynamic -g -O2   conftest.c -lpthread   >&5
configure:16172: $? = 0
configure:16181: result: yes
configure:16194: checking for clock_gettime in -lrt
configure:16219: gcc -o conftest -Werror -Wall -Wl,--as-needed -Wl,-export-dynamic -g -O2   conftest.c -lrt  -lpthread  >&5
configure:16219: $? = 0
configure:16228: result: yes
configure:16298: checking for pkg-config
configure:16316: found /usr/bin/pkg-config
configure:16328: result: /usr/bin/pkg-config
configure:16353: checking pkg-config is at least version 0.9.0
configure:16356: result: yes
configure:16366: checking for ROFL
configure:16373: $PKG_CONFIG --exists --print-errors "rofl >= 0.3.0"
configure:16376: $? = 0
configure:16390: $PKG_CONFIG --exists --print-errors "rofl >= 0.3.0"
configure:16393: $? = 0
configure:16431: result: yes
configure:16443: checking whether to enable debug mode
configure:16458: result: yes
configure:16482: checking whether to print debug in verbose mode
configure:16498: result: no
configure:16505: checking whether to enable profiling mode
configure:16524: result: no
configure:16533: checking the plugins to be compiled...
configure:16591: result: config
configure:16624: checking libconfig.h++ usability
configure:16624: g++ -c -Werror -Wall -Wl,--as-needed -Wl,-export-dynamic -g -O2 -g -O0 -fno-inline -I/usr/local/include   conftest.cpp >&5
configure:16624: $? = 0
configure:16624: result: yes
configure:16624: checking libconfig.h++ presence
configure:16624: g++ -E -I/usr/local/include   conftest.cpp
configure:16624: $? = 0
configure:16624: result: yes
configure:16624: checking for libconfig.h++
configure:16624: result: yes
configure:16793: checking hardware support to be compiled
configure:16909: result:  NetFPGA-10G
configure:16924: checking for git
configure:16940: found /usr/bin/git
configure:16952: result: yes
configure:16967: checking the build number(version)
configure:16992: result: v0.3.0
configure:17012: checking for doxygen
configure:17028: found /usr/bin/doxygen
configure:17039: result: doxygen
configure:17050: checking whether to compile documentation
configure:17090: result: no
configure:17314: creating ./config.status

## ---------------------- ##
## Running config.status. ##
## ---------------------- ##

This file was extended by xdpd config.status 0.3, which was
generated by GNU Autoconf 2.68.  Invocation command line was

  CONFIG_FILES    = 
  CONFIG_HEADERS  = 
  CONFIG_LINKS    = 
  CONFIG_COMMANDS = 
  $ ./config.status 

on u12

config.status:1119: creating src/xdpd/management/plugins/config/Makefile
config.status:1119: creating src/xdpd/management/plugins/config/interfaces/Makefile
config.status:1119: creating src/xdpd/management/plugins/config/openflow/Makefile
config.status:1119: creating Makefile
config.status:1119: creating src/Makefile
config.status:1119: creating src/xdpd/Makefile
config.status:1119: creating src/xdpd/fwd-modules/Makefile
config.status:1119: creating src/xdpd/management/Makefile
config.status:1119: creating src/xdpd/openflow/Makefile
config.status:1119: creating src/xdpd/openflow/openflow10/Makefile
config.status:1119: creating src/xdpd/openflow/openflow12/Makefile
config.status:1119: creating test/Makefile
config.status:1119: creating test/grouptest/Makefile
config.status:1119: creating doc/Makefile
config.status:1276: executing depfiles commands
config.status:1276: executing libtool commands
configure:19712: === configuring in src/xdpd/fwd-modules/netfpga10g (/home/u/Documents/xdpd/build/src/xdpd/fwd-modules/netfpga10g)
configure:19775: running /bin/bash ../../../../../src/xdpd/fwd-modules/netfpga10g/configure --disable-option-checking '--prefix=/usr/local'  '--enable-debug' '--enable-netfpga10g' --cache-file=/dev/null --srcdir=../../../../../src/xdpd/fwd-modules/netfpga10g

## ---------------- ##
## Cache variables. ##
## ---------------- ##

ac_cv_build=x86_64-unknown-linux-gnu
ac_cv_c_compiler_gnu=yes
ac_cv_cxx_compiler_gnu=yes
ac_cv_env_CCC_set=
ac_cv_env_CCC_value=
ac_cv_env_CC_set=
ac_cv_env_CC_value=
ac_cv_env_CFLAGS_set=
ac_cv_env_CFLAGS_value=
ac_cv_env_CPPFLAGS_set=
ac_cv_env_CPPFLAGS_value=
ac_cv_env_CPP_set=
ac_cv_env_CPP_value=
ac_cv_env_CXXCPP_set=
ac_cv_env_CXXCPP_value=
ac_cv_env_CXXFLAGS_set=
ac_cv_env_CXXFLAGS_value=
ac_cv_env_CXX_set=
ac_cv_env_CXX_value=
ac_cv_env_LDFLAGS_set=
ac_cv_env_LDFLAGS_value=
ac_cv_env_LIBS_set=
ac_cv_env_LIBS_value=
ac_cv_env_PKG_CONFIG_LIBDIR_set=
ac_cv_env_PKG_CONFIG_LIBDIR_value=
ac_cv_env_PKG_CONFIG_PATH_set=
ac_cv_env_PKG_CONFIG_PATH_value=
ac_cv_env_PKG_CONFIG_set=
ac_cv_env_PKG_CONFIG_value=
ac_cv_env_QMF2_CFLAGS_set=
ac_cv_env_QMF2_CFLAGS_value=
ac_cv_env_QMF2_LIBS_set=
ac_cv_env_QMF2_LIBS_value=
ac_cv_env_ROFL_CFLAGS_set=
ac_cv_env_ROFL_CFLAGS_value=
ac_cv_env_ROFL_LIBS_set=
ac_cv_env_ROFL_LIBS_value=
ac_cv_env_build_alias_set=
ac_cv_env_build_alias_value=
ac_cv_env_host_alias_set=
ac_cv_env_host_alias_value=
ac_cv_env_target_alias_set=
ac_cv_env_target_alias_value=
ac_cv_header_dlfcn_h=yes
ac_cv_header_inttypes_h=yes
ac_cv_header_libconfig_hpp=yes
ac_cv_header_memory_h=yes
ac_cv_header_minix_config_h=no
ac_cv_header_stdc=yes
ac_cv_header_stdint_h=yes
ac_cv_header_stdlib_h=yes
ac_cv_header_string_h=yes
ac_cv_header_strings_h=yes
ac_cv_header_sys_stat_h=yes
ac_cv_header_sys_types_h=yes
ac_cv_header_unistd_h=yes
ac_cv_host=x86_64-unknown-linux-gnu
ac_cv_lib_pthread_pthread_kill=yes
ac_cv_lib_rt_clock_gettime=yes
ac_cv_objext=o
ac_cv_path_EGREP='/bin/grep -E'
ac_cv_path_FGREP='/bin/grep -F'
ac_cv_path_GREP=/bin/grep
ac_cv_path_SED=/bin/sed
ac_cv_path_ac_pt_PKG_CONFIG=/usr/bin/pkg-config
ac_cv_path_install='/usr/bin/install -c'
ac_cv_path_mkdir=/bin/mkdir
ac_cv_prog_AWK=mawk
ac_cv_prog_CPP='gcc -E'
ac_cv_prog_CXXCPP='g++ -E'
ac_cv_prog_DOXYGEN=doxygen
ac_cv_prog_ac_ct_AR=ar
ac_cv_prog_ac_ct_CC=gcc
ac_cv_prog_ac_ct_CXX=g++
ac_cv_prog_ac_ct_MANIFEST_TOOL=mt
ac_cv_prog_ac_ct_OBJDUMP=objdump
ac_cv_prog_ac_ct_RANLIB=ranlib
ac_cv_prog_ac_ct_STRIP=strip
ac_cv_prog_cc_c89=
ac_cv_prog_cc_g=yes
ac_cv_prog_cxx_g=yes
ac_cv_prog_ff_git=yes
ac_cv_prog_make_make_set=yes
ac_cv_safe_to_define___extensions__=yes
am_cv_CC_dependencies_compiler_type=gcc3
am_cv_CXX_dependencies_compiler_type=gcc3
am_cv_ar_interface=ar
am_cv_make_support_nested_variables=yes
lt_cv_ar_at_file=@
lt_cv_archive_cmds_need_lc=no
lt_cv_deplibs_check_method=pass_all
lt_cv_file_magic_cmd='$MAGIC_CMD'
lt_cv_file_magic_test_file=
lt_cv_ld_reload_flag=-r
lt_cv_nm_interface='BSD nm'
lt_cv_objdir=.libs
lt_cv_path_LD=/usr/bin/ld
lt_cv_path_LDCXX='/usr/bin/ld -m elf_x86_64'
lt_cv_path_NM='/usr/bin/nm -B'
lt_cv_path_mainfest_tool=no
lt_cv_prog_compiler_c_o=yes
lt_cv_prog_compiler_c_o_CXX=yes
lt_cv_prog_compiler_pic='-fPIC -DPIC'
lt_cv_prog_compiler_pic_CXX='-fPIC -DPIC'
lt_cv_prog_compiler_pic_works=yes
lt_cv_prog_compiler_pic_works_CXX=yes
lt_cv_prog_compiler_rtti_exceptions=no
lt_cv_prog_compiler_static_works=yes
lt_cv_prog_compiler_static_works_CXX=yes
lt_cv_prog_gnu_ld=yes
lt_cv_prog_gnu_ldcxx=yes
lt_cv_sharedlib_from_linklib_cmd='printf %s\n'
lt_cv_shlibpath_overrides_runpath=no
lt_cv_sys_global_symbol_pipe='sed -n -e '\''s/^.*[	 ]\([ABCDGIRSTW][ABCDGIRSTW]*\)[	 ][	 ]*\([_A-Za-z][_A-Za-z0-9]*\)$/\1 \2 \2/p'\'' | sed '\''/ __gnu_lto/d'\'''
lt_cv_sys_global_symbol_to_c_name_address='sed -n -e '\''s/^: \([^ ]*\)[ ]*$/  {\"\1\", (void *) 0},/p'\'' -e '\''s/^[ABCDGIRSTW]* \([^ ]*\) \([^ ]*\)$/  {"\2", (void *) \&\2},/p'\'''
lt_cv_sys_global_symbol_to_c_name_address_lib_prefix='sed -n -e '\''s/^: \([^ ]*\)[ ]*$/  {\"\1\", (void *) 0},/p'\'' -e '\''s/^[ABCDGIRSTW]* \([^ ]*\) \(lib[^ ]*\)$/  {"\2", (void *) \&\2},/p'\'' -e '\''s/^[ABCDGIRSTW]* \([^ ]*\) \([^ ]*\)$/  {"lib\2", (void *) \&\2},/p'\'''
lt_cv_sys_global_symbol_to_cdecl='sed -n -e '\''s/^T .* \(.*\)$/extern int \1();/p'\'' -e '\''s/^[ABCDGIRSTW]* .* \(.*\)$/extern char \1;/p'\'''
lt_cv_sys_max_cmd_len=1572864
lt_cv_to_host_file_cmd=func_convert_file_noop
lt_cv_to_tool_file_cmd=func_convert_file_noop
pkg_cv_ROFL_CFLAGS='-I/usr/local/include  '
pkg_cv_ROFL_LIBS='-L/usr/local/lib -lrofl  '

## ----------------- ##
## Output variables. ##
## ----------------- ##

ACLOCAL='${SHELL} /home/u/Documents/xdpd/missing --run aclocal-1.11'
AMDEPBACKSLASH='\'
AMDEP_FALSE='#'
AMDEP_TRUE=''
AMTAR='$${TAR-tar}'
AM_BACKSLASH='\'
AM_DEFAULT_V='$(AM_DEFAULT_VERBOSITY)'
AM_DEFAULT_VERBOSITY='0'
AM_V='$(V)'
AR='ar'
AUTOCONF='${SHELL} /home/u/Documents/xdpd/missing --run autoconf'
AUTOHEADER='${SHELL} /home/u/Documents/xdpd/missing --run autoheader'
AUTOMAKE='${SHELL} /home/u/Documents/xdpd/missing --run automake-1.11'
AWK='mawk'
CC='gcc'
CCDEPMODE='depmode=gcc3'
CFLAGS='-Werror -Wall -Wl,--as-needed -Wl,-export-dynamic -g -O2 -g -O0'
CPP='gcc -E'
CPPFLAGS='-I/usr/local/include  '
CXX='g++'
CXXCPP='g++ -E'
CXXDEPMODE='depmode=gcc3'
CXXFLAGS='-Werror -Wall -Wl,--as-needed -Wl,-export-dynamic -g -O2 -g -O0 -fno-inline'
CYGPATH_W='echo'
DEBUG_FALSE='#'
DEBUG_TRUE=''
DEFS='-DPACKAGE_NAME=\"xdpd\" -DPACKAGE_TARNAME=\"xdpd\" -DPACKAGE_VERSION=\"0.3\" -DPACKAGE_STRING=\"xdpd\ 0.3\" -DPACKAGE_BUGREPORT=\"xdpd@bisdn.de\" -DPACKAGE_URL=\"\" -DPACKAGE=\"xdpd\" -DVERSION=\"0.3\" -DSTDC_HEADERS=1 -DHAVE_SYS_TYPES_H=1 -DHAVE_SYS_STAT_H=1 -DHAVE_STDLIB_H=1 -DHAVE_STRING_H=1 -DHAVE_MEMORY_H=1 -DHAVE_STRINGS_H=1 -DHAVE_INTTYPES_H=1 -DHAVE_STDINT_H=1 -DHAVE_UNISTD_H=1 -D__EXTENSIONS__=1 -D_ALL_SOURCE=1 -D_GNU_SOURCE=1 -D_POSIX_PTHREAD_SEMANTICS=1 -D_TANDEM_SOURCE=1 -DHAVE_DLFCN_H=1 -DLT_OBJDIR=\".libs/\" -D__STDC_FORMAT_MACROS=1 -DHAVE_LIBPTHREAD=1 -DHAVE_LIBRT=1 -DDEBUG=1 -DWITH_MGMT_CONFIG=1 -DENABLE_NETFPGA10G=1 -DXDPD_BUILD=\"d87d985cc2e8bc0ce3ca310626d0b5d1fd2ef016\" -DXDPD_BRANCH=\"NetFPGA-10G\" -DXDPD_DESCRIBE=\"v0.3.0-66-gd87d985cc2e8bc0ce3ca310626d0b5d1fd2ef016\" -DXDPD_VERSION=\"v0.3.0\"'
DEPDIR='.deps'
DLLTOOL='false'
DOXYGEN='doxygen'
DSYMUTIL=''
DUMPBIN=''
ECHO_C=''
ECHO_N='-n'
ECHO_T=''
EGREP='/bin/grep -E'
EXEEXT=''
FGREP='/bin/grep -F'
GREP='/bin/grep'
INSTALL_DATA='${INSTALL} -m 644'
INSTALL_PROGRAM='${INSTALL}'
INSTALL_SCRIPT='${INSTALL}'
INSTALL_STRIP_PROGRAM='$(install_sh) -c -s'
LD='/usr/bin/ld -m elf_x86_64'
LDFLAGS=''
LIBOBJS=''
LIBS='-lrt -lpthread -L/usr/local/lib -lrofl  '
LIBTOOL='$(SHELL) $(top_builddir)/libtool --preserve-dup-deps'
LIPO=''
LN_S='ln -s'
LTLIBOBJS=''
MAKEINFO='${SHELL} /home/u/Documents/xdpd/missing --run makeinfo'
MANIFEST_TOOL=':'
MKDIR_P='/bin/mkdir -p'
NM='/usr/bin/nm -B'
NMEDIT=''
OBJDUMP='objdump'
OBJEXT='o'
OTOOL64=''
OTOOL=''
PACKAGE='xdpd'
PACKAGE_BUGREPORT='xdpd@bisdn.de'
PACKAGE_NAME='xdpd'
PACKAGE_STRING='xdpd 0.3'
PACKAGE_TARNAME='xdpd'
PACKAGE_URL=''
PACKAGE_VERSION='0.3'
PATH_SEPARATOR=':'
PKG_CONFIG='/usr/bin/pkg-config'
PKG_CONFIG_LIBDIR=''
PKG_CONFIG_PATH=''
PLATFORM='netfpga10g'
PLUGIN_DIRS='plugins/config '
PLUGIN_LIBS='plugins/config/libxdpd_mgmt_config.la '
QMF2_CFLAGS=''
QMF2_LIBS=''
RANLIB='ranlib'
ROFL_CFLAGS='-I/usr/local/include  '
ROFL_LIBS='-L/usr/local/lib -lrofl  '
SED='/bin/sed'
SET_MAKE=''
SHELL='/bin/bash'
STRIP='strip'
VERSION='0.3'
WITH_MGMT_CONFIG_FALSE='#'
WITH_MGMT_CONFIG_TRUE=''
WITH_MGMT_EXAMPLE_FALSE=''
WITH_MGMT_EXAMPLE_TRUE='#'
WITH_MGMT_QMF_FALSE=''
WITH_MGMT_QMF_TRUE='#'
ac_ct_AR='ar'
ac_ct_CC='gcc'
ac_ct_CXX='g++'
ac_ct_DUMPBIN=''
am__EXEEXT_FALSE=''
am__EXEEXT_TRUE='#'
am__fastdepCC_FALSE='#'
am__fastdepCC_TRUE=''
am__fastdepCXX_FALSE='#'
am__fastdepCXX_TRUE=''
am__include='include'
am__isrc=' -I$(srcdir)'
am__leading_dot='.'
am__nodep='_no'
am__quote=''
am__tar='$${TAR-tar} chof - "$$tardir"'
am__untar='$${TAR-tar} xf -'
bindir='${exec_prefix}/bin'
build='x86_64-unknown-linux-gnu'
build_alias=''
build_cpu='x86_64'
build_os='linux-gnu'
build_vendor='unknown'
datadir='${datarootdir}'
datarootdir='${prefix}/share'
doc_FALSE=''
doc_TRUE='#'
docdir='${datarootdir}/doc/${PACKAGE_TARNAME}'
dvidir='${docdir}'
exec_prefix='${prefix}'
ff_git='yes'
host='x86_64-unknown-linux-gnu'
host_alias=''
host_cpu='x86_64'
host_os='linux-gnu'
host_vendor='unknown'
htmldir='${docdir}'
includedir='${prefix}/include'
infodir='${datarootdir}/info'
install_sh='${SHELL} /home/u/Documents/xdpd/install-sh'
libdir='${exec_prefix}/lib'
libexecdir='${exec_prefix}/libexec'
localedir='${datarootdir}/locale'
localstatedir='${prefix}/var'
mandir='${datarootdir}/man'
mkdir_p='/bin/mkdir -p'
oldincludedir='/usr/include'
pdfdir='${docdir}'
prefix='/usr/local'
program_transform_name='s,x,x,'
psdir='${docdir}'
sbindir='${exec_prefix}/sbin'
sharedstatedir='${prefix}/com'
subdirs=' src/xdpd/fwd-modules/netfpga10g'
sysconfdir='${prefix}/etc'
target_alias=''

## ----------- ##
## confdefs.h. ##
## ----------- ##

/* confdefs.h */
#define PACKAGE_NAME "xdpd"
#define PACKAGE_TARNAME "xdpd"
#define PACKAGE_VERSION "0.3"
#define PACKAGE_STRING "xdpd 0.3"
#define PACKAGE_BUGREPORT "xdpd@bisdn.de"
#define PACKAGE_URL ""
#define PACKAGE "xdpd"
#define VERSION "0.3"
#define STDC_HEADERS 1
#define HAVE_SYS_TYPES_H 1
#define HAVE_SYS_STAT_H 1
#define HAVE_STDLIB_H 1
#define HAVE_STRING_H 1
#define HAVE_MEMORY_H 1
#define HAVE_STRINGS_H 1
#define HAVE_INTTYPES_H 1
#define HAVE_STDINT_H 1
#define HAVE_UNISTD_H 1
#define __EXTENSIONS__ 1
#define _ALL_SOURCE 1
#define _GNU_SOURCE 1
#define _POSIX_PTHREAD_SEMANTICS 1
#define _TANDEM_SOURCE 1
#define HAVE_DLFCN_H 1
#define LT_OBJDIR ".libs/"
#define __STDC_FORMAT_MACROS 1
#define HAVE_LIBPTHREAD 1
#define HAVE_LIBRT 1
#define DEBUG 1
#define WITH_MGMT_CONFIG 1
#define ENABLE_NETFPGA10G 1
#define XDPD_BUILD "d87d985cc2e8bc0ce3ca310626d0b5d1fd2ef016"
#define XDPD_BRANCH "NetFPGA-10G"
#define XDPD_DESCRIBE "v0.3.0-66-gd87d985cc2e8bc0ce3ca310626d0b5d1fd2ef016"
#define XDPD_VERSION "v0.3.0"

configure: exit 0
